<?xml version="1.0" encoding="UTF-8"?>
<testsuite name="stickman.view.EntityViewImplTest" tests="4" skipped="0" failures="0" errors="0" timestamp="2019-10-02T11:50:22" hostname="LAPTOP-9KGUS48K" time="0.256">
  <properties/>
  <testcase name="getViewOrder" classname="stickman.view.EntityViewImplTest" time="0.242"/>
  <testcase name="update" classname="stickman.view.EntityViewImplTest" time="0.006"/>
  <testcase name="matchesEntity" classname="stickman.view.EntityViewImplTest" time="0.003"/>
  <testcase name="markForDelete" classname="stickman.view.EntityViewImplTest" time="0.003"/>
  <system-out><![CDATA[]]></system-out>
  <system-err><![CDATA[]]></system-err>
</testsuite>
