<?xml version="1.0" encoding="UTF-8"?>
<testsuite name="stickman.model.CloudTest" tests="19" skipped="0" failures="0" errors="0" timestamp="2019-10-02T11:50:20" hostname="LAPTOP-9KGUS48K" time="0.009">
  <properties/>
  <testcase name="setDesiredX" classname="stickman.model.CloudTest" time="0.0"/>
  <testcase name="setDesiredY" classname="stickman.model.CloudTest" time="0.0"/>
  <testcase name="getDesiredX" classname="stickman.model.CloudTest" time="0.0"/>
  <testcase name="getDesiredY" classname="stickman.model.CloudTest" time="0.0"/>
  <testcase name="getImagePath" classname="stickman.model.CloudTest" time="0.0"/>
  <testcase name="getCollisionStrategy" classname="stickman.model.CloudTest" time="0.0"/>
  <testcase name="getXPos" classname="stickman.model.CloudTest" time="0.0"/>
  <testcase name="getXVel" classname="stickman.model.CloudTest" time="0.0"/>
  <testcase name="getYPos" classname="stickman.model.CloudTest" time="0.0"/>
  <testcase name="getYVel" classname="stickman.model.CloudTest" time="0.0"/>
  <testcase name="updateImagePath" classname="stickman.model.CloudTest" time="0.001"/>
  <testcase name="getController" classname="stickman.model.CloudTest" time="0.001"/>
  <testcase name="getHeight" classname="stickman.model.CloudTest" time="0.0"/>
  <testcase name="getLayer" classname="stickman.model.CloudTest" time="0.0"/>
  <testcase name="getWidth" classname="stickman.model.CloudTest" time="0.0"/>
  <testcase name="setXPos" classname="stickman.model.CloudTest" time="0.001"/>
  <testcase name="setXVel" classname="stickman.model.CloudTest" time="0.0"/>
  <testcase name="setYPos" classname="stickman.model.CloudTest" time="0.0"/>
  <testcase name="setYVel" classname="stickman.model.CloudTest" time="0.0"/>
  <system-out><![CDATA[]]></system-out>
  <system-err><![CDATA[]]></system-err>
</testsuite>
