<?xml version="1.0" encoding="UTF-8"?>
<testsuite name="stickman.collision.EnemyCollisionStrategyTest" tests="1" skipped="0" failures="0" errors="0" timestamp="2019-10-02T14:47:10" hostname="LAPTOP-9KGUS48K" time="0.094">
  <properties/>
  <testcase name="handleCollision" classname="stickman.collision.EnemyCollisionStrategyTest" time="0.094"/>
  <system-out><![CDATA[]]></system-out>
  <system-err><![CDATA[]]></system-err>
</testsuite>
