<?xml version="1.0" encoding="UTF-8"?>
<testsuite name="stickman.view.EntityViewImplTest" tests="4" skipped="0" failures="0" errors="0" timestamp="2019-10-02T14:47:17" hostname="LAPTOP-9KGUS48K" time="0.48">
  <properties/>
  <testcase name="getViewOrder" classname="stickman.view.EntityViewImplTest" time="0.451"/>
  <testcase name="update" classname="stickman.view.EntityViewImplTest" time="0.008"/>
  <testcase name="matchesEntity" classname="stickman.view.EntityViewImplTest" time="0.009"/>
  <testcase name="markForDelete" classname="stickman.view.EntityViewImplTest" time="0.005"/>
  <system-out><![CDATA[]]></system-out>
  <system-err><![CDATA[]]></system-err>
</testsuite>
