<?xml version="1.0" encoding="UTF-8"?>
<testsuite name="stickman.controller.EnemyControllerTest" tests="6" skipped="0" failures="0" errors="0" timestamp="2019-10-02T11:50:20" hostname="LAPTOP-9KGUS48K" time="0.037">
  <properties/>
  <testcase name="stopMoving" classname="stickman.controller.EnemyControllerTest" time="0.02"/>
  <testcase name="moveLeft" classname="stickman.controller.EnemyControllerTest" time="0.004"/>
  <testcase name="jump" classname="stickman.controller.EnemyControllerTest" time="0.003"/>
  <testcase name="move" classname="stickman.controller.EnemyControllerTest" time="0.002"/>
  <testcase name="tick" classname="stickman.controller.EnemyControllerTest" time="0.002"/>
  <testcase name="moveRight" classname="stickman.controller.EnemyControllerTest" time="0.002"/>
  <system-out><![CDATA[]]></system-out>
  <system-err><![CDATA[]]></system-err>
</testsuite>
