<?xml version="1.0" encoding="UTF-8"?>
<testsuite name="stickman.model.GameEngineImplTest" tests="6" skipped="0" failures="0" errors="0" timestamp="2019-10-02T14:47:11" hostname="LAPTOP-9KGUS48K" time="0.058">
  <properties/>
  <testcase name="getCurrentLevel" classname="stickman.model.GameEngineImplTest" time="0.003"/>
  <testcase name="update" classname="stickman.model.GameEngineImplTest" time="0.002"/>
  <testcase name="getTime" classname="stickman.model.GameEngineImplTest" time="0.037"/>
  <testcase name="tick" classname="stickman.model.GameEngineImplTest" time="0.006"/>
  <testcase name="getLives" classname="stickman.model.GameEngineImplTest" time="0.002"/>
  <testcase name="getState" classname="stickman.model.GameEngineImplTest" time="0.006"/>
  <system-out><![CDATA[]]></system-out>
  <system-err><![CDATA[]]></system-err>
</testsuite>
